[13:49:53.399][info] [#0:/home/dansered/.local/share/nvim/mason/packages/lua-language-server/libexec/main.lua:68]: Lua Lsp startup, root: 	/home/dansered/.local/share/nvim/mason/packages/lua-language-server/libexec
[13:49:53.399][info] [#0:/home/dansered/.local/share/nvim/mason/packages/lua-language-server/libexec/main.lua:69]: ROOT:	/home/dansered/.local/share/nvim/mason/packages/lua-language-server/libexec
[13:49:53.399][info] [#0:/home/dansered/.local/share/nvim/mason/packages/lua-language-server/libexec/main.lua:70]: LOGPATH:	/home/dansered/.local/share/nvim/mason/packages/lua-language-server/libexec/log
[13:49:53.399][info] [#0:/home/dansered/.local/share/nvim/mason/packages/lua-language-server/libexec/main.lua:71]: METAPATH:	/home/dansered/.local/share/nvim/mason/packages/lua-language-server/libexec/meta
[13:49:53.399][info] [#0:/home/dansered/.local/share/nvim/mason/packages/lua-language-server/libexec/main.lua:72]: VERSION:	3.13.5
[13:49:53.416][info] [#0:script/proto/proto.lua:260]: Listen Mode: stdio
[13:49:53.416][info] [#0:script/service/service.lua:145]: 
========= Medical Examination Report =========
    --------------- Memory ---------------
        Total: 2.255 MB
        # 00 : 2.255 MB
        # 01 : 0.000 MB
        # 02 : 0.000 MB
        # 03 : 0.000 MB
        # 04 : 0.000 MB
    --------------- Coroutine ---------------
        Total:     0
        Running:   0
        Suspended: 0
        Normal:    0
        Dead:      0
    --------------- Cache ---------------
        Total: 1
        Dead:  0
    ---------------  RPC  ---------------
        Holdon:   0
        Waiting:  0
==============================================
[13:49:53.519][info] [#0:script/client.lua:657]: Client init	{
  capabilities = {
    general = {
      positionEncodings = { "utf-16" }
    },
    textDocument = {
      callHierarchy = {
        dynamicRegistration = false
      },
      codeAction = {
        codeActionLiteralSupport = {
          codeActionKind = {
            valueSet = { "", "quickfix", "refactor", "refactor.extract", "refactor.inline", "refactor.rewrite", "source", "source.organizeImports" }
          }
        },
        dataSupport = true,
        dynamicRegistration = true,
        isPreferredSupport = true,
        resolveSupport = {
          properties = { "edit" }
        }
      },
      completion = {
        completionItem = {
          commitCharactersSupport = false,
          deprecatedSupport = true,
          documentationFormat = { "markdown", "plaintext" },
          insertReplaceSupport = true,
          insertTextModeSupport = {
            valueSet = { 1 }
          },
          labelDetailsSupport = true,
          preselectSupport = false,
          resolveSupport = {
            properties = { "documentation", "detail", "additionalTextEdits" }
          },
          snippetSupport = true,
          tagSupport = {
            valueSet = { 1 }
          }
        },
        completionItemKind = {
          valueSet = { 1, 2, 3, 4, 5, 6, 7, 8, 9, 10, 11, 12, 13, 14, 15, 16, 17, 18, 19, 20, 21, 22, 23, 24, 25 }
        },
        completionList = {
          itemDefaults = { "commitCharacters", "editRange", "insertTextFormat", "insertTextMode", "data" }
        },
        contextSupport = true,
        dynamicRegistration = false,
        insertTextMode = 1
      },
      declaration = {
        linkSupport = true
      },
      definition = {
        dynamicRegistration = true,
        linkSupport = true
      },
      diagnostic = {
        dynamicRegistration = false
      },
      documentHighlight = {
        dynamicRegistration = false
      },
      documentSymbol = {
        dynamicRegistration = false,
        hierarchicalDocumentSymbolSupport = true,
        symbolKind = {
          valueSet = { 1, 2, 3, 4, 5, 6, 7, 8, 9, 10, 11, 12, 13, 14, 15, 16, 17, 18, 19, 20, 21, 22, 23, 24, 25, 26 }
        }
      },
      formatting = {
        dynamicRegistration = true
      },
      hover = {
        contentFormat = { "markdown", "plaintext" },
        dynamicRegistration = true
      },
      implementation = {
        linkSupport = true
      },
      inlayHint = {
        dynamicRegistration = true,
        resolveSupport = {
          properties = { "textEdits", "tooltip", "location", "command" }
        }
      },
      publishDiagnostics = {
        dataSupport = true,
        relatedInformation = true,
        tagSupport = {
          valueSet = { 1, 2 }
        }
      },
      rangeFormatting = {
        dynamicRegistration = true
      },
      references = {
        dynamicRegistration = false
      },
      rename = {
        dynamicRegistration = true,
        prepareSupport = true
      },
      semanticTokens = {
        augmentsSyntaxTokens = true,
        dynamicRegistration = false,
        formats = { "relative" },
        multilineTokenSupport = false,
        overlappingTokenSupport = true,
        requests = {
          full = {
            delta = true
          },
          range = false
        },
        serverCancelSupport = false,
        tokenModifiers = { "declaration", "definition", "readonly", "static", "deprecated", "abstract", "async", "modification", "documentation", "defaultLibrary" },
        tokenTypes = { "namespace", "type", "class", "enum", "interface", "struct", "typeParameter", "parameter", "variable", "property", "enumMember", "event", "function", "method", "macro", "keyword", "modifier", "comment", "string", "number", "regexp", "operator", "decorator" }
      },
      signatureHelp = {
        dynamicRegistration = false,
        signatureInformation = {
          activeParameterSupport = true,
          documentationFormat = { "markdown", "plaintext" },
          parameterInformation = {
            labelOffsetSupport = true
          }
        }
      },
      synchronization = {
        didSave = true,
        dynamicRegistration = false,
        willSave = true,
        willSaveWaitUntil = true
      },
      typeDefinition = {
        linkSupport = true
      }
    },
    window = {
      showDocument = {
        support = true
      },
      showMessage = {
        messageActionItem = {
          additionalPropertiesSupport = false
        }
      },
      workDoneProgress = true
    },
    workspace = {
      applyEdit = true,
      configuration = true,
      didChangeConfiguration = {
        dynamicRegistration = false
      },
      didChangeWatchedFiles = {
        dynamicRegistration = false,
        relativePatternSupport = true
      },
      fileOperations = {
        didRename = true,
        willRename = true
      },
      inlayHint = {
        refreshSupport = true
      },
      semanticTokens = {
        refreshSupport = true
      },
      symbol = {
        dynamicRegistration = false,
        symbolKind = {
          valueSet = { 1, 2, 3, 4, 5, 6, 7, 8, 9, 10, 11, 12, 13, 14, 15, 16, 17, 18, 19, 20, 21, 22, 23, 24, 25, 26 }
        }
      },
      workspaceEdit = {
        resourceOperations = { "rename", "create", "delete" }
      },
      workspaceFolders = true
    }
  },
  clientInfo = {
    name = "Neovim",
    version = "0.10.3+g9b5ee7df4e"
  },
  initializationOptions = {},
  processId = 216065,
  rootPath = "/home/dansered/.config/nvim",
  rootUri = "file:///home/dansered/.config/nvim",
  trace = "off",
  workDoneToken = "1",
  workspaceFolders = { {
      name = "/home/dansered/.config/nvim",
      uri = "file:///home/dansered/.config/nvim"
    } }
}
[13:49:53.519][info] [#0:script/language.lua:137]: VSC language: nil
[13:49:53.519][info] [#0:script/language.lua:138]: LS  language: en-us
[13:49:53.519][info] [#0:script/workspace/workspace.lua:38]: Workspace init root: 	file:///home/dansered/.config/nvim
[13:49:53.519][info] [#0:script/workspace/workspace.lua:42]: Log path: 	/home/dansered/.local/share/nvim/mason/packages/lua-language-server/libexec/log/file_home_dansered_.config_nvim.log
[13:49:53.519][info] [#0:script/workspace/workspace.lua:48]: Workspace create: 	file:///home/dansered/.config/nvim
[13:49:53.821][info] [#0:script/provider/provider.lua:49]: Load config from client	file:///home/dansered/.config/nvim
[13:49:53.821][info] [#0:script/provider/provider.lua:50]: {
  Lua = {
    codeLens = {
      enable = true
    },
    completion = {
      callSnippet = "Replace"
    },
    doc = {
      privateName = { "^_" }
    },
    hint = {
      arrayIndex = "Disable",
      enable = true,
      paramName = "Disable",
      paramType = true,
      semicolon = "Disable",
      setType = false
    },
    runtime = {
      path = { "?.lua", "?/init.lua" },
      pathStrict = true,
      version = "LuaJIT"
    },
    workspace = {
      checkThirdParty = false,
      ignoreDir = { "/lua" },
      library = { "/home/dansered/nvim-current/share/nvim/runtime/lua", "/home/dansered/.config/nvim/lua", "/home/dansered/.local/share/nvim/lazy/nvim-dap/lua" }
    }
  }
}
[13:49:53.821][info] [#0:script/provider/provider.lua:49]: Load config from client	file:///home/dansered/.config/nvim
[13:49:53.821][info] [#0:script/provider/provider.lua:50]: {
  Lua = {
    codeLens = {
      enable = true
    },
    completion = {
      callSnippet = "Replace"
    },
    doc = {
      privateName = { "^_" }
    },
    hint = {
      arrayIndex = "Disable",
      enable = true,
      paramName = "Disable",
      paramType = true,
      semicolon = "Disable",
      setType = false
    },
    runtime = {
      path = { "?.lua", "?/init.lua" },
      pathStrict = true,
      version = "LuaJIT"
    },
    workspace = {
      checkThirdParty = false,
      ignoreDir = { "/lua" },
      library = { "/home/dansered/nvim-current/share/nvim/runtime/lua", "/home/dansered/.config/nvim/lua", "/home/dansered/.local/share/nvim/lazy/nvim-dap/lua" }
    }
  }
}
[13:49:53.821][info] [#0:script/provider/provider.lua:49]: Load config from client	file:///home/dansered/.config/nvim
[13:49:53.821][info] [#0:script/provider/provider.lua:50]: {
  Lua = {
    codeLens = {
      enable = true
    },
    completion = {
      callSnippet = "Replace"
    },
    doc = {
      privateName = { "^_" }
    },
    hint = {
      arrayIndex = "Disable",
      enable = true,
      paramName = "Disable",
      paramType = true,
      semicolon = "Disable",
      setType = false
    },
    runtime = {
      path = { "?.lua", "?/init.lua" },
      pathStrict = true,
      version = "LuaJIT"
    },
    workspace = {
      checkThirdParty = false,
      ignoreDir = { "/lua" },
      library = { "/home/dansered/nvim-current/share/nvim/runtime/lua", "/home/dansered/.config/nvim/lua", "/home/dansered/.local/share/nvim/lazy/nvim-dap/lua" }
    }
  }
}
[13:49:53.821][warn] [#0:script/config/loader.lua:116]: No config?	{}
[13:49:53.821][info] [#0:script/provider/provider.lua:65]: Load config from client	fallback
[13:49:53.821][info] [#0:script/provider/provider.lua:66]: nil
[13:49:53.821][warn] [#0:script/config/loader.lua:116]: No config?	{}
[13:49:53.822][info] [#0:script/provider/provider.lua:65]: Load config from client	fallback
[13:49:53.822][info] [#0:script/provider/provider.lua:66]: nil
[13:49:53.822][warn] [#0:script/config/loader.lua:116]: No config?	{}
[13:49:53.822][info] [#0:script/provider/provider.lua:65]: Load config from client	fallback
[13:49:53.822][info] [#0:script/provider/provider.lua:66]: nil
[13:49:53.929][info] [#0:script/library.lua:212]: Init builtin library at:	file:///home/dansered/.config/nvim
[13:49:53.936][info] [#0:script/library.lua:212]: Init builtin library at:	nil
[13:49:54.042][info] [#0:script/workspace/workspace.lua:324]: Preload start:	file:///home/dansered/.config/nvim
[13:49:54.045][info] [#0:script/workspace/workspace.lua:330]: Scan files at:	file:///home/dansered/.config/nvim
[13:49:54.045][info] [#0:script/workspace/workspace.lua:324]: Preload start:	<fallback>
[13:49:54.047][info] [#0:script/workspace/workspace.lua:353]: Scan library at:	file:///home/dansered/.local/share/nvim/mason/packages/lua-language-server/libexec/meta/Lua%205.4%20en-us%20utf8/coroutine.lua
[13:49:54.047][info] [#0:script/workspace/workspace.lua:353]: Scan library at:	file:///home/dansered/.local/share/nvim/mason/packages/lua-language-server/libexec/meta/Lua%205.4%20en-us%20utf8/os.lua
[13:49:54.047][info] [#0:script/workspace/workspace.lua:353]: Scan library at:	file:///home/dansered/.local/share/nvim/mason/packages/lua-language-server/libexec/meta/Lua%205.4%20en-us%20utf8/io.lua
[13:49:54.047][info] [#0:script/workspace/workspace.lua:353]: Scan library at:	file:///home/dansered/.local/share/nvim/mason/packages/lua-language-server/libexec/meta/Lua%205.4%20en-us%20utf8/builtin.lua
[13:49:54.048][info] [#0:script/workspace/workspace.lua:353]: Scan library at:	file:///home/dansered/.local/share/nvim/mason/packages/lua-language-server/libexec/meta/Lua%205.4%20en-us%20utf8/utf8.lua
[13:49:54.048][info] [#0:script/workspace/workspace.lua:353]: Scan library at:	file:///home/dansered/.local/share/nvim/mason/packages/lua-language-server/libexec/meta/Lua%205.4%20en-us%20utf8/debug.lua
[13:49:54.048][info] [#0:script/workspace/workspace.lua:353]: Scan library at:	file:///home/dansered/.local/share/nvim/mason/packages/lua-language-server/libexec/meta/Lua%205.4%20en-us%20utf8/string.lua
[13:49:54.048][info] [#0:script/workspace/workspace.lua:353]: Scan library at:	file:///home/dansered/.local/share/nvim/mason/packages/lua-language-server/libexec/meta/Lua%205.4%20en-us%20utf8/math.lua
[13:49:54.048][info] [#0:script/workspace/workspace.lua:353]: Scan library at:	file:///home/dansered/.local/share/nvim/mason/packages/lua-language-server/libexec/meta/LuaJIT%20en-us%20utf8/basic.lua
[13:49:54.048][info] [#0:script/workspace/workspace.lua:353]: Scan library at:	file:///home/dansered/.local/share/nvim/mason/packages/lua-language-server/libexec/meta/Lua%205.4%20en-us%20utf8/package.lua
[13:49:54.048][info] [#0:script/workspace/workspace.lua:353]: Scan library at:	file:///home/dansered/.local/share/nvim/mason/packages/lua-language-server/libexec/meta/LuaJIT%20en-us%20utf8/coroutine.lua
[13:49:54.049][info] [#0:script/workspace/workspace.lua:353]: Scan library at:	file:///home/dansered/.local/share/nvim/mason/packages/lua-language-server/libexec/meta/Lua%205.4%20en-us%20utf8/table.lua
[13:49:54.049][info] [#0:script/workspace/workspace.lua:353]: Scan library at:	file:///home/dansered/.local/share/nvim/mason/packages/lua-language-server/libexec/meta/LuaJIT%20en-us%20utf8/package.lua
[13:49:54.049][info] [#0:script/workspace/workspace.lua:353]: Scan library at:	file:///home/dansered/.local/share/nvim/mason/packages/lua-language-server/libexec/meta/Lua%205.4%20en-us%20utf8/basic.lua
[13:49:54.049][info] [#0:script/workspace/workspace.lua:353]: Scan library at:	file:///home/dansered/.local/share/nvim/mason/packages/lua-language-server/libexec/meta/LuaJIT%20en-us%20utf8/debug.lua
[13:49:54.049][info] [#0:script/workspace/workspace.lua:353]: Scan library at:	file:///home/dansered/.local/share/nvim/mason/packages/lua-language-server/libexec/meta/LuaJIT%20en-us%20utf8/builtin.lua
[13:49:54.049][info] [#0:script/workspace/workspace.lua:353]: Scan library at:	file:///home/dansered/.local/share/nvim/mason/packages/lua-language-server/libexec/meta/LuaJIT%20en-us%20utf8/io.lua
[13:49:54.049][info] [#0:script/workspace/workspace.lua:353]: Scan library at:	file:///home/dansered/.local/share/nvim/mason/packages/lua-language-server/libexec/meta/LuaJIT%20en-us%20utf8/ffi.lua
[13:49:54.049][info] [#0:script/workspace/workspace.lua:353]: Scan library at:	file:///home/dansered/.local/share/nvim/lazy/nvim-dap/lua
[13:49:54.051][info] [#0:script/workspace/workspace.lua:353]: Scan library at:	file:///home/dansered/.config/nvim/lua
[13:49:54.052][info] [#0:script/workspace/workspace.lua:353]: Scan library at:	file:///home/dansered/.local/share/nvim/mason/packages/lua-language-server/libexec/meta/LuaJIT%20en-us%20utf8/os.lua
[13:49:54.052][info] [#0:script/workspace/workspace.lua:353]: Scan library at:	file:///home/dansered/.local/share/nvim/mason/packages/lua-language-server/libexec/meta/LuaJIT%20en-us%20utf8/string.lua
[13:49:54.052][info] [#0:script/workspace/workspace.lua:353]: Scan library at:	file:///home/dansered/.local/share/nvim/mason/packages/lua-language-server/libexec/meta/LuaJIT%20en-us%20utf8/jit/profile.lua
[13:49:54.052][info] [#0:script/workspace/workspace.lua:353]: Scan library at:	file:///home/dansered/nvim-current/share/nvim/runtime/lua
[13:49:54.063][info] [#0:script/workspace/workspace.lua:353]: Scan library at:	file:///home/dansered/.local/share/nvim/mason/packages/lua-language-server/libexec/meta/LuaJIT%20en-us%20utf8/bit.lua
[13:49:54.063][info] [#0:script/workspace/workspace.lua:353]: Scan library at:	file:///home/dansered/.local/share/nvim/mason/packages/lua-language-server/libexec/meta/LuaJIT%20en-us%20utf8/table/clear.lua
[13:49:54.063][info] [#0:script/workspace/workspace.lua:353]: Scan library at:	file:///home/dansered/.local/share/nvim/mason/packages/lua-language-server/libexec/meta/LuaJIT%20en-us%20utf8/jit.lua
[13:49:54.063][info] [#0:script/workspace/workspace.lua:353]: Scan library at:	file:///home/dansered/.local/share/nvim/mason/packages/lua-language-server/libexec/meta/LuaJIT%20en-us%20utf8/jit/util.lua
[13:49:54.064][info] [#0:script/workspace/workspace.lua:353]: Scan library at:	file:///home/dansered/.local/share/nvim/mason/packages/lua-language-server/libexec/meta/LuaJIT%20en-us%20utf8/string/buffer.lua
[13:49:54.064][info] [#0:script/workspace/workspace.lua:353]: Scan library at:	file:///home/dansered/.local/share/nvim/mason/packages/lua-language-server/libexec/meta/LuaJIT%20en-us%20utf8/table.lua
[13:49:54.064][info] [#0:script/workspace/workspace.lua:353]: Scan library at:	file:///home/dansered/.local/share/nvim/mason/packages/lua-language-server/libexec/meta/LuaJIT%20en-us%20utf8/math.lua
[13:49:54.064][info] [#0:script/workspace/workspace.lua:353]: Scan library at:	file:///home/dansered/.local/share/nvim/mason/packages/lua-language-server/libexec/meta/LuaJIT%20en-us%20utf8/table/new.lua
[13:49:54.164][info] [#0:script/workspace/workspace.lua:379]: Found 11 files at:	<fallback>
[13:49:54.164][info] [#0:script/workspace/loading.lua:160]: Load files from disk:	<fallback>
[13:49:54.164][info] [#0:script/workspace/workspace.lua:379]: Found 161 files at:	file:///home/dansered/.config/nvim
[13:49:54.164][info] [#0:script/workspace/loading.lua:160]: Load files from disk:	file:///home/dansered/.config/nvim
[13:49:54.165][info] [#0:script/workspace/loading.lua:100]: Preload file at: file:///home/dansered/.local/share/nvim/mason/packages/lua-language-server/libexec/meta/Lua%205.4%20en-us%20utf8/basic.lua , size = 15.841 KB
[13:49:54.172][info] [#0:script/workspace/loading.lua:112]: ++++As library of:	file:///home/dansered/.local/share/nvim/mason/packages/lua-language-server/libexec/meta/Lua%205.4%20en-us%20utf8/basic.lua
[13:49:54.172][info] [#0:script/workspace/loading.lua:100]: Preload file at: file:///home/dansered/.local/share/nvim/mason/packages/lua-language-server/libexec/meta/Lua%205.4%20en-us%20utf8/table.lua , size = 4.445 KB
[13:49:54.174][info] [#0:script/workspace/loading.lua:112]: ++++As library of:	file:///home/dansered/.local/share/nvim/mason/packages/lua-language-server/libexec/meta/Lua%205.4%20en-us%20utf8/table.lua
[13:49:54.174][info] [#0:script/workspace/loading.lua:100]: Preload file at: file:///home/dansered/.local/share/nvim/mason/packages/lua-language-server/libexec/meta/LuaJIT%20en-us%20utf8/math.lua , size = 7.949 KB
[13:49:54.177][info] [#0:script/workspace/loading.lua:112]: ++++As library of:	file:///home/dansered/.local/share/nvim/mason/packages/lua-language-server/libexec/meta/LuaJIT%20en-us%20utf8/math.lua
[13:49:54.177][info] [#0:script/workspace/loading.lua:100]: Preload file at: file:///home/dansered/.local/share/nvim/mason/packages/lua-language-server/libexec/meta/Lua%205.4%20en-us%20utf8/package.lua , size = 2.944 KB
[13:49:54.178][info] [#0:script/workspace/loading.lua:112]: ++++As library of:	file:///home/dansered/.local/share/nvim/mason/packages/lua-language-server/libexec/meta/Lua%205.4%20en-us%20utf8/package.lua
[13:49:54.178][info] [#0:script/workspace/loading.lua:100]: Preload file at: file:///home/dansered/.local/share/nvim/mason/packages/lua-language-server/libexec/meta/LuaJIT%20en-us%20utf8/table.lua , size = 4.445 KB
[13:49:54.180][info] [#0:script/workspace/loading.lua:112]: ++++As library of:	file:///home/dansered/.local/share/nvim/mason/packages/lua-language-server/libexec/meta/LuaJIT%20en-us%20utf8/table.lua
[13:49:54.180][info] [#0:script/workspace/loading.lua:100]: Preload file at: file:///home/dansered/.local/share/nvim/mason/packages/lua-language-server/libexec/meta/Lua%205.4%20en-us%20utf8/math.lua , size = 8.509 KB
[13:49:54.183][info] [#0:script/workspace/loading.lua:112]: ++++As library of:	file:///home/dansered/.local/share/nvim/mason/packages/lua-language-server/libexec/meta/Lua%205.4%20en-us%20utf8/math.lua
[13:49:54.183][info] [#0:script/workspace/loading.lua:100]: Preload file at: file:///home/dansered/.local/share/nvim/mason/packages/lua-language-server/libexec/meta/LuaJIT%20en-us%20utf8/string/buffer.lua , size = 18.123 KB
[13:49:54.187][info] [#0:script/workspace/loading.lua:112]: ++++As library of:	file:///home/dansered/.local/share/nvim/mason/packages/lua-language-server/libexec/meta/LuaJIT%20en-us%20utf8/string/buffer.lua
[13:49:54.187][info] [#0:script/workspace/loading.lua:100]: Preload file at: file:///home/dansered/.local/share/nvim/mason/packages/lua-language-server/libexec/meta/Lua%205.4%20en-us%20utf8/string.lua , size = 6.327 KB
[13:49:54.189][info] [#0:script/workspace/loading.lua:112]: ++++As library of:	file:///home/dansered/.local/share/nvim/mason/packages/lua-language-server/libexec/meta/Lua%205.4%20en-us%20utf8/string.lua
[13:49:54.189][info] [#0:script/workspace/loading.lua:100]: Preload file at: file:///home/dansered/.local/share/nvim/mason/packages/lua-language-server/libexec/meta/LuaJIT%20en-us%20utf8/jit/util.lua , size = 1.984 KB
[13:49:54.191][info] [#0:script/workspace/loading.lua:112]: ++++As library of:	file:///home/dansered/.local/share/nvim/mason/packages/lua-language-server/libexec/meta/LuaJIT%20en-us%20utf8/jit/util.lua
[13:49:54.191][info] [#0:script/workspace/loading.lua:100]: Preload file at: file:///home/dansered/.local/share/nvim/mason/packages/lua-language-server/libexec/meta/Lua%205.4%20en-us%20utf8/debug.lua , size = 7.637 KB
[13:49:54.194][info] [#0:script/workspace/loading.lua:112]: ++++As library of:	file:///home/dansered/.local/share/nvim/mason/packages/lua-language-server/libexec/meta/Lua%205.4%20en-us%20utf8/debug.lua
[13:49:54.194][info] [#0:script/workspace/loading.lua:100]: Preload file at: file:///home/dansered/.local/share/nvim/mason/packages/lua-language-server/libexec/meta/LuaJIT%20en-us%20utf8/table/new.lua , size = 0.642 KB
[13:49:54.194][info] [#0:script/workspace/loading.lua:112]: ++++As library of:	file:///home/dansered/.local/share/nvim/mason/packages/lua-language-server/libexec/meta/LuaJIT%20en-us%20utf8/table/new.lua
[13:49:54.194][info] [#0:script/workspace/loading.lua:100]: Preload file at: file:///home/dansered/.local/share/nvim/mason/packages/lua-language-server/libexec/meta/LuaJIT%20en-us%20utf8/jit.lua , size = 0.884 KB
[13:49:54.195][info] [#0:script/workspace/loading.lua:112]: ++++As library of:	file:///home/dansered/.local/share/nvim/mason/packages/lua-language-server/libexec/meta/LuaJIT%20en-us%20utf8/jit.lua
[13:49:54.195][info] [#0:script/workspace/loading.lua:100]: Preload file at: file:///home/dansered/.local/share/nvim/mason/packages/lua-language-server/libexec/meta/LuaJIT%20en-us%20utf8/table/clear.lua , size = 0.797 KB
[13:49:54.195][info] [#0:script/workspace/loading.lua:112]: ++++As library of:	file:///home/dansered/.local/share/nvim/mason/packages/lua-language-server/libexec/meta/LuaJIT%20en-us%20utf8/table/clear.lua
[13:49:54.195][info] [#0:script/workspace/loading.lua:100]: Preload file at: file:///home/dansered/.local/share/nvim/mason/packages/lua-language-server/libexec/meta/Lua%205.4%20en-us%20utf8/utf8.lua , size = 2.386 KB
[13:49:54.196][info] [#0:script/workspace/loading.lua:112]: ++++As library of:	file:///home/dansered/.local/share/nvim/mason/packages/lua-language-server/libexec/meta/Lua%205.4%20en-us%20utf8/utf8.lua
[13:49:54.197][info] [#0:script/workspace/loading.lua:100]: Preload file at: file:///home/dansered/.local/share/nvim/mason/packages/lua-language-server/libexec/meta/Lua%205.4%20en-us%20utf8/builtin.lua , size = 0.302 KB
[13:49:54.198][info] [#0:script/workspace/loading.lua:112]: ++++As library of:	file:///home/dansered/.local/share/nvim/mason/packages/lua-language-server/libexec/meta/Lua%205.4%20en-us%20utf8/builtin.lua
[13:49:54.198][info] [#0:script/workspace/loading.lua:100]: Preload file at: file:///home/dansered/.local/share/nvim/mason/packages/lua-language-server/libexec/meta/LuaJIT%20en-us%20utf8/bit.lua , size = 1.319 KB
[13:49:54.199][info] [#0:script/workspace/loading.lua:112]: ++++As library of:	file:///home/dansered/.local/share/nvim/mason/packages/lua-language-server/libexec/meta/LuaJIT%20en-us%20utf8/bit.lua
[13:49:54.199][info] [#0:script/workspace/loading.lua:100]: Preload file at: file:///home/dansered/.local/share/nvim/mason/packages/lua-language-server/libexec/meta/Lua%205.4%20en-us%20utf8/io.lua , size = 6.364 KB
[13:49:54.202][info] [#0:script/workspace/loading.lua:112]: ++++As library of:	file:///home/dansered/.local/share/nvim/mason/packages/lua-language-server/libexec/meta/Lua%205.4%20en-us%20utf8/io.lua
[13:49:54.202][info] [#0:script/workspace/loading.lua:100]: Preload file at: file:///home/dansered/nvim-current/share/nvim/runtime/lua/nvim/health.lua , size = 12.509 KB
[13:49:54.206][info] [#0:script/workspace/loading.lua:112]: ++++As library of:	file:///home/dansered/nvim-current/share/nvim/runtime/lua
[13:49:54.206][info] [#0:script/workspace/loading.lua:100]: Preload file at: file:///home/dansered/.local/share/nvim/mason/packages/lua-language-server/libexec/meta/Lua%205.4%20en-us%20utf8/os.lua , size = 5.600 KB
[13:49:54.208][info] [#0:script/workspace/loading.lua:112]: ++++As library of:	file:///home/dansered/.local/share/nvim/mason/packages/lua-language-server/libexec/meta/Lua%205.4%20en-us%20utf8/os.lua
[13:49:54.208][info] [#0:script/workspace/loading.lua:100]: Preload file at: file:///home/dansered/nvim-current/share/nvim/runtime/lua/editorconfig.lua , size = 10.443 KB
[13:49:54.212][info] [#0:script/workspace/loading.lua:112]: ++++As library of:	file:///home/dansered/nvim-current/share/nvim/runtime/lua
[13:49:54.212][info] [#0:script/workspace/loading.lua:100]: Preload file at: file:///home/dansered/.local/share/nvim/mason/packages/lua-language-server/libexec/meta/Lua%205.4%20en-us%20utf8/coroutine.lua , size = 2.590 KB
[13:49:54.213][info] [#0:script/workspace/loading.lua:112]: ++++As library of:	file:///home/dansered/.local/share/nvim/mason/packages/lua-language-server/libexec/meta/Lua%205.4%20en-us%20utf8/coroutine.lua
[13:49:54.213][info] [#0:script/workspace/loading.lua:100]: Preload file at: file:///home/dansered/nvim-current/share/nvim/runtime/lua/vim/text.lua , size = 0.812 KB
[13:49:54.214][info] [#0:script/workspace/loading.lua:112]: ++++As library of:	file:///home/dansered/nvim-current/share/nvim/runtime/lua
[13:49:54.214][info] [#0:script/workspace/loading.lua:172]: Loaded files takes [0.050] sec: <fallback>
[13:49:54.214][info] [#0:script/workspace/loading.lua:181]: Compile files takes [0.000] sec: <fallback>
[13:49:54.214][info] [#0:script/workspace/loading.lua:182]: Loaded finish:	<fallback>
[13:49:54.214][info] [#0:script/workspace/workspace.lua:381]: Preload finish at:	<fallback>
[13:49:54.217][info] [#0:script/workspace/loading.lua:100]: Preload file at: file:///home/dansered/nvim-current/share/nvim/runtime/lua/vim/uri.lua , size = 3.571 KB
[13:49:54.218][info] [#0:script/workspace/loading.lua:112]: ++++As library of:	file:///home/dansered/nvim-current/share/nvim/runtime/lua
[13:49:54.219][info] [#0:script/workspace/loading.lua:100]: Preload file at: file:///home/dansered/nvim-current/share/nvim/runtime/lua/vim/filetype/options.lua , size = 2.559 KB
[13:49:54.222][info] [#0:script/workspace/loading.lua:112]: ++++As library of:	file:///home/dansered/nvim-current/share/nvim/runtime/lua
[13:49:54.222][info] [#0:script/workspace/loading.lua:100]: Preload file at: file:///home/dansered/nvim-current/share/nvim/runtime/lua/vim/filetype/detect.lua , size = 57.151 KB
[13:49:54.242][info] [#0:script/workspace/loading.lua:112]: ++++As library of:	file:///home/dansered/nvim-current/share/nvim/runtime/lua
[13:49:54.242][info] [#0:script/workspace/loading.lua:100]: Preload file at: file:///home/dansered/nvim-current/share/nvim/runtime/lua/vim/_meta.lua , size = 0.977 KB
[13:49:54.243][info] [#0:script/workspace/loading.lua:112]: ++++As library of:	file:///home/dansered/nvim-current/share/nvim/runtime/lua
[13:49:54.243][info] [#0:script/workspace/loading.lua:100]: Preload file at: file:///home/dansered/nvim-current/share/nvim/runtime/lua/vim/diagnostic.lua , size = 69.172 KB
[13:49:54.270][info] [#0:script/workspace/loading.lua:112]: ++++As library of:	file:///home/dansered/nvim-current/share/nvim/runtime/lua
[13:49:54.270][info] [#0:script/workspace/loading.lua:100]: Preload file at: file:///home/dansered/nvim-current/share/nvim/runtime/lua/vim/_editor.lua , size = 34.475 KB
[13:49:54.283][info] [#0:script/workspace/loading.lua:112]: ++++As library of:	file:///home/dansered/nvim-current/share/nvim/runtime/lua
[13:49:54.283][info] [#0:script/workspace/loading.lua:100]: Preload file at: file:///home/dansered/nvim-current/share/nvim/runtime/lua/vim/_meta/api_keysets.lua , size = 8.292 KB
[13:49:54.287][info] [#0:script/workspace/loading.lua:112]: ++++As library of:	file:///home/dansered/nvim-current/share/nvim/runtime/lua
[13:49:54.287][info] [#0:script/workspace/loading.lua:100]: Preload file at: file:///home/dansered/nvim-current/share/nvim/runtime/lua/vim/_meta/lpeg.lua , size = 15.348 KB
[13:49:54.290][info] [#0:script/workspace/loading.lua:112]: ++++As library of:	file:///home/dansered/nvim-current/share/nvim/runtime/lua
[13:49:54.291][info] [#0:script/workspace/loading.lua:100]: Preload file at: file:///home/dansered/nvim-current/share/nvim/runtime/lua/vim/_meta/mpack.lua , size = 0.478 KB
[13:49:54.291][info] [#0:script/workspace/loading.lua:112]: ++++As library of:	file:///home/dansered/nvim-current/share/nvim/runtime/lua
[13:49:54.291][info] [#0:script/workspace/loading.lua:100]: Preload file at: file:///home/dansered/nvim-current/share/nvim/runtime/lua/vim/_meta/regex.lua , size = 1.347 KB
[13:49:54.292][info] [#0:script/workspace/loading.lua:112]: ++++As library of:	file:///home/dansered/nvim-current/share/nvim/runtime/lua
[13:49:54.292][info] [#0:script/workspace/loading.lua:100]: Preload file at: file:///home/dansered/nvim-current/share/nvim/runtime/lua/vim/_meta/api_keysets_extra.lua , size = 4.535 KB
[13:49:54.299][info] [#0:script/workspace/loading.lua:112]: ++++As library of:	file:///home/dansered/nvim-current/share/nvim/runtime/lua
[13:49:54.299][info] [#0:script/workspace/loading.lua:100]: Preload file at: file:///home/dansered/nvim-current/share/nvim/runtime/lua/vim/_meta/options.lua , size = 323.972 KB
[13:49:54.374][info] [#0:script/workspace/loading.lua:112]: ++++As library of:	file:///home/dansered/nvim-current/share/nvim/runtime/lua
[13:49:54.374][info] [#0:script/workspace/loading.lua:100]: Preload file at: file:///home/dansered/nvim-current/share/nvim/runtime/lua/vim/_meta/re.lua , size = 2.217 KB
[13:49:54.375][info] [#0:script/workspace/loading.lua:112]: ++++As library of:	file:///home/dansered/nvim-current/share/nvim/runtime/lua
[13:49:54.375][info] [#0:script/workspace/loading.lua:100]: Preload file at: file:///home/dansered/nvim-current/share/nvim/runtime/lua/vim/_meta/api.lua , size = 97.323 KB
[13:49:54.398][info] [#0:script/workspace/loading.lua:112]: ++++As library of:	file:///home/dansered/nvim-current/share/nvim/runtime/lua
[13:49:54.398][info] [#0:script/workspace/loading.lua:100]: Preload file at: file:///home/dansered/nvim-current/share/nvim/runtime/lua/vim/_meta/builtin_types.lua , size = 3.362 KB
[13:49:54.400][info] [#0:script/workspace/loading.lua:112]: ++++As library of:	file:///home/dansered/nvim-current/share/nvim/runtime/lua
[13:49:54.400][info] [#0:script/workspace/loading.lua:100]: Preload file at: file:///home/dansered/nvim-current/share/nvim/runtime/lua/vim/_meta/misc.lua , size = 0.291 KB
[13:49:54.400][info] [#0:script/workspace/loading.lua:112]: ++++As library of:	file:///home/dansered/nvim-current/share/nvim/runtime/lua
[13:49:54.400][info] [#0:script/workspace/loading.lua:100]: Preload file at: file:///home/dansered/nvim-current/share/nvim/runtime/lua/vim/_meta/spell.lua , size = 0.943 KB
[13:49:54.401][info] [#0:script/workspace/loading.lua:112]: ++++As library of:	file:///home/dansered/nvim-current/share/nvim/runtime/lua
[13:49:54.401][info] [#0:script/workspace/loading.lua:100]: Preload file at: file:///home/dansered/nvim-current/share/nvim/runtime/lua/vim/_meta/diff.lua , size = 2.492 KB
[13:49:54.402][info] [#0:script/workspace/loading.lua:112]: ++++As library of:	file:///home/dansered/nvim-current/share/nvim/runtime/lua
[13:49:54.402][info] [#0:script/workspace/loading.lua:100]: Preload file at: file:///home/dansered/nvim-current/share/nvim/runtime/lua/vim/_meta/builtin.lua , size = 11.183 KB
[13:49:54.405][info] [#0:script/workspace/loading.lua:112]: ++++As library of:	file:///home/dansered/nvim-current/share/nvim/runtime/lua
[13:49:54.405][info] [#0:script/workspace/loading.lua:100]: Preload file at: file:///home/dansered/nvim-current/share/nvim/runtime/lua/vim/_meta/base64.lua , size = 0.307 KB
[13:49:54.405][info] [#0:script/workspace/loading.lua:112]: ++++As library of:	file:///home/dansered/nvim-current/share/nvim/runtime/lua
[13:49:54.406][info] [#0:script/workspace/loading.lua:100]: Preload file at: file:///home/dansered/nvim-current/share/nvim/runtime/lua/vim/_meta/json.lua , size = 1.359 KB
[13:49:54.406][info] [#0:script/workspace/loading.lua:112]: ++++As library of:	file:///home/dansered/nvim-current/share/nvim/runtime/lua
[13:49:54.406][info] [#0:script/workspace/loading.lua:100]: Preload file at: file:///home/dansered/nvim-current/share/nvim/runtime/lua/vim/_meta/vvars.lua , size = 25.272 KB
[13:49:54.412][info] [#0:script/workspace/loading.lua:112]: ++++As library of:	file:///home/dansered/nvim-current/share/nvim/runtime/lua
[13:49:54.412][info] [#0:script/workspace/loading.lua:100]: Preload file at: file:///home/dansered/nvim-current/share/nvim/runtime/lua/vim/_init_packages.lua , size = 3.023 KB
[13:49:54.413][info] [#0:script/workspace/loading.lua:112]: ++++As library of:	file:///home/dansered/nvim-current/share/nvim/runtime/lua
[13:49:54.413][info] [#0:script/workspace/loading.lua:100]: Preload file at: file:///home/dansered/nvim-current/share/nvim/runtime/lua/vim/glob.lua , size = 3.001 KB
[13:49:54.415][info] [#0:script/workspace/loading.lua:112]: ++++As library of:	file:///home/dansered/nvim-current/share/nvim/runtime/lua
[13:49:54.415][info] [#0:script/workspace/loading.lua:100]: Preload file at: file:///home/dansered/nvim-current/share/nvim/runtime/lua/vim/treesitter/_query_linter.lua , size = 7.627 KB
[13:49:54.419][info] [#0:script/workspace/loading.lua:112]: ++++As library of:	file:///home/dansered/nvim-current/share/nvim/runtime/lua
[13:49:54.419][info] [#0:script/workspace/loading.lua:100]: Preload file at: file:///home/dansered/nvim-current/share/nvim/runtime/lua/vim/treesitter/_meta.lua , size = 4.483 KB
[13:49:54.421][info] [#0:script/workspace/loading.lua:112]: ++++As library of:	file:///home/dansered/nvim-current/share/nvim/runtime/lua
[13:49:54.421][info] [#0:script/workspace/loading.lua:100]: Preload file at: file:///home/dansered/nvim-current/share/nvim/runtime/lua/vim/treesitter/dev.lua , size = 19.644 KB
[13:49:54.430][info] [#0:script/workspace/loading.lua:112]: ++++As library of:	file:///home/dansered/nvim-current/share/nvim/runtime/lua
[13:49:54.430][info] [#0:script/workspace/loading.lua:100]: Preload file at: file:///home/dansered/nvim-current/share/nvim/runtime/lua/vim/_meta/vimfn.lua , size = 398.838 KB
[13:49:54.524][info] [#0:script/workspace/loading.lua:112]: ++++As library of:	file:///home/dansered/nvim-current/share/nvim/runtime/lua
[13:49:54.524][info] [#0:script/workspace/loading.lua:100]: Preload file at: file:///home/dansered/nvim-current/share/nvim/runtime/lua/vim/treesitter/languagetree.lua , size = 33.292 KB
[13:49:54.537][info] [#0:script/workspace/loading.lua:112]: ++++As library of:	file:///home/dansered/nvim-current/share/nvim/runtime/lua
[13:49:54.537][info] [#0:script/workspace/loading.lua:100]: Preload file at: file:///home/dansered/nvim-current/share/nvim/runtime/lua/vim/treesitter/_range.lua , size = 3.869 KB
[13:49:54.540][info] [#0:script/workspace/loading.lua:112]: ++++As library of:	file:///home/dansered/nvim-current/share/nvim/runtime/lua
[13:49:54.540][info] [#0:script/workspace/loading.lua:100]: Preload file at: file:///home/dansered/nvim-current/share/nvim/runtime/lua/vim/treesitter/_fold.lua , size = 14.081 KB
[13:49:54.545][info] [#0:script/workspace/loading.lua:112]: ++++As library of:	file:///home/dansered/nvim-current/share/nvim/runtime/lua
[13:49:54.545][info] [#0:script/workspace/loading.lua:100]: Preload file at: file:///home/dansered/nvim-current/share/nvim/runtime/lua/vim/treesitter/query.lua , size = 32.301 KB
[13:49:54.557][info] [#0:script/workspace/loading.lua:112]: ++++As library of:	file:///home/dansered/nvim-current/share/nvim/runtime/lua
[13:49:54.557][info] [#0:script/workspace/loading.lua:100]: Preload file at: file:///home/dansered/nvim-current/share/nvim/runtime/lua/vim/treesitter/highlighter.lua , size = 11.811 KB
[13:49:54.562][info] [#0:script/workspace/loading.lua:112]: ++++As library of:	file:///home/dansered/nvim-current/share/nvim/runtime/lua
[13:49:54.562][info] [#0:script/workspace/loading.lua:100]: Preload file at: file:///home/dansered/nvim-current/share/nvim/runtime/lua/vim/treesitter/health.lua , size = 0.856 KB
[13:49:54.563][info] [#0:script/workspace/loading.lua:112]: ++++As library of:	file:///home/dansered/nvim-current/share/nvim/runtime/lua
[13:49:54.563][info] [#0:script/workspace/loading.lua:100]: Preload file at: file:///home/dansered/nvim-current/share/nvim/runtime/lua/vim/treesitter/language.lua , size = 3.684 KB
[13:49:54.565][info] [#0:script/workspace/loading.lua:112]: ++++As library of:	file:///home/dansered/nvim-current/share/nvim/runtime/lua
[13:49:54.565][info] [#0:script/workspace/loading.lua:100]: Preload file at: file:///home/dansered/nvim-current/share/nvim/runtime/lua/vim/filetype.lua , size = 68.524 KB
[13:49:54.613][info] [#0:script/workspace/loading.lua:112]: ++++As library of:	file:///home/dansered/nvim-current/share/nvim/runtime/lua
[13:49:54.613][info] [#0:script/workspace/loading.lua:100]: Preload file at: file:///home/dansered/nvim-current/share/nvim/runtime/lua/vim/F.lua , size = 1.076 KB
[13:49:54.614][info] [#0:script/workspace/loading.lua:112]: ++++As library of:	file:///home/dansered/nvim-current/share/nvim/runtime/lua
[13:49:54.614][info] [#0:script/workspace/loading.lua:100]: Preload file at: file:///home/dansered/nvim-current/share/nvim/runtime/lua/vim/fs.lua , size = 18.719 KB
[13:49:54.620][info] [#0:script/workspace/loading.lua:112]: ++++As library of:	file:///home/dansered/nvim-current/share/nvim/runtime/lua
[13:49:54.620][info] [#0:script/workspace/loading.lua:100]: Preload file at: file:///home/dansered/nvim-current/share/nvim/runtime/lua/vim/_options.lua , size = 25.441 KB
[13:49:54.627][info] [#0:script/workspace/loading.lua:112]: ++++As library of:	file:///home/dansered/nvim-current/share/nvim/runtime/lua
[13:49:54.627][info] [#0:script/workspace/loading.lua:100]: Preload file at: file:///home/dansered/nvim-current/share/nvim/runtime/lua/vim/re.lua , size = 6.495 KB
[13:49:54.631][info] [#0:script/workspace/loading.lua:112]: ++++As library of:	file:///home/dansered/nvim-current/share/nvim/runtime/lua
[13:49:54.631][info] [#0:script/workspace/loading.lua:100]: Preload file at: file:///home/dansered/nvim-current/share/nvim/runtime/lua/vim/vimhelp.lua , size = 0.967 KB
[13:49:54.632][info] [#0:script/workspace/loading.lua:112]: ++++As library of:	file:///home/dansered/nvim-current/share/nvim/runtime/lua
[13:49:54.632][info] [#0:script/workspace/loading.lua:100]: Preload file at: file:///home/dansered/nvim-current/share/nvim/runtime/lua/vim/_defaults.lua , size = 18.717 KB
[13:49:54.637][info] [#0:script/workspace/loading.lua:112]: ++++As library of:	file:///home/dansered/nvim-current/share/nvim/runtime/lua
[13:49:54.637][info] [#0:script/workspace/loading.lua:100]: Preload file at: file:///home/dansered/nvim-current/share/nvim/runtime/lua/vim/lsp/diagnostic.lua , size = 14.140 KB
[13:49:54.642][info] [#0:script/workspace/loading.lua:112]: ++++As library of:	file:///home/dansered/nvim-current/share/nvim/runtime/lua
[13:49:54.642][info] [#0:script/workspace/loading.lua:100]: Preload file at: file:///home/dansered/nvim-current/share/nvim/runtime/lua/vim/lsp/_meta.lua , size = 0.440 KB
[13:49:54.643][info] [#0:script/workspace/loading.lua:112]: ++++As library of:	file:///home/dansered/nvim-current/share/nvim/runtime/lua
[13:49:54.643][info] [#0:script/workspace/loading.lua:100]: Preload file at: file:///home/dansered/nvim-current/share/nvim/runtime/lua/vim/lsp/handlers.lua , size = 26.904 KB
[13:49:54.651][info] [#0:script/workspace/loading.lua:112]: ++++As library of:	file:///home/dansered/nvim-current/share/nvim/runtime/lua
[13:49:54.651][info] [#0:script/workspace/loading.lua:100]: Preload file at: file:///home/dansered/nvim-current/share/nvim/runtime/lua/vim/lsp/_tagfunc.lua , size = 2.787 KB
[13:49:54.653][info] [#0:script/workspace/loading.lua:112]: ++++As library of:	file:///home/dansered/nvim-current/share/nvim/runtime/lua
[13:49:54.653][info] [#0:script/workspace/loading.lua:100]: Preload file at: file:///home/dansered/nvim-current/share/nvim/runtime/lua/vim/lsp/_meta/protocol.lua , size = 175.343 KB
[13:49:54.689][info] [#0:script/workspace/loading.lua:112]: ++++As library of:	file:///home/dansered/nvim-current/share/nvim/runtime/lua
[13:49:54.689][info] [#0:script/workspace/loading.lua:100]: Preload file at: file:///home/dansered/nvim-current/share/nvim/runtime/lua/vim/lsp/_changetracking.lua , size = 11.492 KB
[13:49:54.693][info] [#0:script/workspace/loading.lua:112]: ++++As library of:	file:///home/dansered/nvim-current/share/nvim/runtime/lua
[13:49:54.694][info] [#0:script/workspace/loading.lua:100]: Preload file at: file:///home/dansered/nvim-current/share/nvim/runtime/lua/vim/lsp/_watchfiles.lua , size = 6.889 KB
[13:49:54.696][info] [#0:script/workspace/loading.lua:112]: ++++As library of:	file:///home/dansered/nvim-current/share/nvim/runtime/lua
[13:49:54.696][info] [#0:script/workspace/loading.lua:100]: Preload file at: file:///home/dansered/nvim-current/share/nvim/runtime/lua/vim/lsp/client.lua , size = 38.013 KB
[13:49:54.710][info] [#0:script/workspace/loading.lua:112]: ++++As library of:	file:///home/dansered/nvim-current/share/nvim/runtime/lua
[13:49:54.710][info] [#0:script/workspace/loading.lua:100]: Preload file at: file:///home/dansered/nvim-current/share/nvim/runtime/lua/vim/lsp/buf.lua , size = 31.091 KB
[13:49:54.721][info] [#0:script/workspace/loading.lua:112]: ++++As library of:	file:///home/dansered/nvim-current/share/nvim/runtime/lua
[13:49:54.721][info] [#0:script/workspace/loading.lua:100]: Preload file at: file:///home/dansered/nvim-current/share/nvim/runtime/lua/vim/lsp/codelens.lua , size = 9.336 KB
[13:49:54.725][info] [#0:script/workspace/loading.lua:112]: ++++As library of:	file:///home/dansered/nvim-current/share/nvim/runtime/lua
[13:49:54.725][info] [#0:script/workspace/loading.lua:100]: Preload file at: file:///home/dansered/nvim-current/share/nvim/runtime/lua/vim/lsp/sync.lua , size = 16.226 KB
[13:49:54.730][info] [#0:script/workspace/loading.lua:112]: ++++As library of:	file:///home/dansered/nvim-current/share/nvim/runtime/lua
[13:49:54.730][info] [#0:script/workspace/loading.lua:100]: Preload file at: file:///home/dansered/nvim-current/share/nvim/runtime/lua/vim/lsp/log.lua , size = 4.673 KB
[13:49:54.732][info] [#0:script/workspace/loading.lua:112]: ++++As library of:	file:///home/dansered/nvim-current/share/nvim/runtime/lua
[13:49:54.732][info] [#0:script/workspace/loading.lua:100]: Preload file at: file:///home/dansered/nvim-current/share/nvim/runtime/lua/vim/lsp/rpc.lua , size = 25.991 KB
[13:49:54.741][info] [#0:script/workspace/loading.lua:112]: ++++As library of:	file:///home/dansered/nvim-current/share/nvim/runtime/lua
[13:49:54.741][info] [#0:script/workspace/loading.lua:100]: Preload file at: file:///home/dansered/nvim-current/share/nvim/runtime/lua/vim/lsp/_completion.lua , size = 8.965 KB
[13:49:54.745][info] [#0:script/workspace/loading.lua:112]: ++++As library of:	file:///home/dansered/nvim-current/share/nvim/runtime/lua
[13:49:54.745][info] [#0:script/workspace/loading.lua:100]: Preload file at: file:///home/dansered/nvim-current/share/nvim/runtime/lua/vim/lsp/semantic_tokens.lua , size = 26.267 KB
[13:49:54.753][info] [#0:script/workspace/loading.lua:112]: ++++As library of:	file:///home/dansered/nvim-current/share/nvim/runtime/lua
[13:49:54.754][info] [#0:script/workspace/loading.lua:100]: Preload file at: file:///home/dansered/nvim-current/share/nvim/runtime/lua/vim/lsp/util.lua , size = 77.298 KB
[13:49:54.833][info] [#0:script/workspace/loading.lua:112]: ++++As library of:	file:///home/dansered/nvim-current/share/nvim/runtime/lua
[13:49:54.833][info] [#0:script/workspace/loading.lua:100]: Preload file at: file:///home/dansered/nvim-current/share/nvim/runtime/lua/vim/lsp/protocol.lua , size = 48.973 KB
[13:49:54.840][info] [#0:script/workspace/loading.lua:112]: ++++As library of:	file:///home/dansered/nvim-current/share/nvim/runtime/lua
[13:49:54.840][info] [#0:script/workspace/loading.lua:100]: Preload file at: file:///home/dansered/nvim-current/share/nvim/runtime/lua/vim/lsp/_snippet_grammar.lua , size = 6.179 KB
[13:49:54.843][info] [#0:script/workspace/loading.lua:112]: ++++As library of:	file:///home/dansered/nvim-current/share/nvim/runtime/lua
[13:49:54.843][info] [#0:script/workspace/loading.lua:100]: Preload file at: file:///home/dansered/nvim-current/share/nvim/runtime/lua/vim/lsp/inlay_hint.lua , size = 12.172 KB
[13:49:54.848][info] [#0:script/workspace/loading.lua:112]: ++++As library of:	file:///home/dansered/nvim-current/share/nvim/runtime/lua
[13:49:54.848][info] [#0:script/workspace/loading.lua:100]: Preload file at: file:///home/dansered/nvim-current/share/nvim/runtime/lua/vim/lsp/_dynamic.lua , size = 2.973 KB
[13:49:54.850][info] [#0:script/workspace/loading.lua:112]: ++++As library of:	file:///home/dansered/nvim-current/share/nvim/runtime/lua
[13:49:54.850][info] [#0:script/workspace/loading.lua:100]: Preload file at: file:///home/dansered/nvim-current/share/nvim/runtime/lua/vim/lsp/health.lua , size = 5.398 KB
[13:49:54.852][info] [#0:script/workspace/loading.lua:112]: ++++As library of:	file:///home/dansered/nvim-current/share/nvim/runtime/lua
[13:49:54.852][info] [#0:script/workspace/loading.lua:100]: Preload file at: file:///home/dansered/nvim-current/share/nvim/runtime/lua/vim/ui.lua , size = 5.396 KB
[13:49:54.854][info] [#0:script/workspace/loading.lua:112]: ++++As library of:	file:///home/dansered/nvim-current/share/nvim/runtime/lua
[13:49:54.854][info] [#0:script/workspace/loading.lua:100]: Preload file at: file:///home/dansered/nvim-current/share/nvim/runtime/lua/vim/provider.lua , size = 0.197 KB
[13:49:54.854][info] [#0:script/workspace/loading.lua:112]: ++++As library of:	file:///home/dansered/nvim-current/share/nvim/runtime/lua
[13:49:54.855][info] [#0:script/workspace/loading.lua:100]: Preload file at: file:///home/dansered/nvim-current/share/nvim/runtime/lua/vim/iter.lua , size = 25.504 KB
[13:49:54.865][info] [#0:script/workspace/loading.lua:112]: ++++As library of:	file:///home/dansered/nvim-current/share/nvim/runtime/lua
[13:49:54.865][info] [#0:script/workspace/loading.lua:100]: Preload file at: file:///home/dansered/nvim-current/share/nvim/runtime/lua/vim/treesitter.lua , size = 14.036 KB
[13:49:54.870][info] [#0:script/workspace/loading.lua:112]: ++++As library of:	file:///home/dansered/nvim-current/share/nvim/runtime/lua
[13:49:54.870][info] [#0:script/workspace/loading.lua:100]: Preload file at: file:///home/dansered/nvim-current/share/nvim/runtime/lua/vim/_system.lua , size = 9.216 KB
[13:49:54.875][info] [#0:script/workspace/loading.lua:112]: ++++As library of:	file:///home/dansered/nvim-current/share/nvim/runtime/lua
[13:49:54.875][info] [#0:script/workspace/loading.lua:100]: Preload file at: file:///home/dansered/nvim-current/share/nvim/runtime/lua/vim/_watch.lua , size = 8.901 KB
[13:49:54.878][info] [#0:script/workspace/loading.lua:112]: ++++As library of:	file:///home/dansered/nvim-current/share/nvim/runtime/lua
[13:49:54.878][info] [#0:script/workspace/loading.lua:100]: Preload file at: file:///home/dansered/nvim-current/share/nvim/runtime/lua/vim/shared.lua , size = 29.331 KB
[13:49:54.889][info] [#0:script/workspace/loading.lua:112]: ++++As library of:	file:///home/dansered/nvim-current/share/nvim/runtime/lua
[13:49:54.890][info] [#0:script/workspace/loading.lua:100]: Preload file at: file:///home/dansered/nvim-current/share/nvim/runtime/lua/vim/_comment.lua , size = 8.743 KB
[13:49:54.893][info] [#0:script/workspace/loading.lua:112]: ++++As library of:	file:///home/dansered/nvim-current/share/nvim/runtime/lua
[13:49:54.893][info] [#0:script/workspace/loading.lua:100]: Preload file at: file:///home/dansered/nvim-current/share/nvim/runtime/lua/vim/version.lua , size = 13.605 KB
[13:49:54.898][info] [#0:script/workspace/loading.lua:112]: ++++As library of:	file:///home/dansered/nvim-current/share/nvim/runtime/lua
[13:49:54.898][info] [#0:script/workspace/loading.lua:100]: Preload file at: file:///home/dansered/nvim-current/share/nvim/runtime/lua/vim/highlight.lua , size = 4.526 KB
[13:49:54.900][info] [#0:script/workspace/loading.lua:112]: ++++As library of:	file:///home/dansered/nvim-current/share/nvim/runtime/lua
[13:49:54.900][info] [#0:script/workspace/loading.lua:100]: Preload file at: file:///home/dansered/nvim-current/share/nvim/runtime/lua/vim/loader.lua , size = 15.741 KB
[13:49:54.907][info] [#0:script/workspace/loading.lua:112]: ++++As library of:	file:///home/dansered/nvim-current/share/nvim/runtime/lua
[13:49:54.907][info] [#0:script/workspace/loading.lua:100]: Preload file at: file:///home/dansered/nvim-current/share/nvim/runtime/lua/vim/lsp.lua , size = 40.430 KB
[13:49:54.921][info] [#0:script/workspace/loading.lua:112]: ++++As library of:	file:///home/dansered/nvim-current/share/nvim/runtime/lua
[13:49:54.921][info] [#0:script/workspace/loading.lua:100]: Preload file at: file:///home/dansered/nvim-current/share/nvim/runtime/lua/vim/keymap.lua , size = 3.682 KB
[13:49:54.922][info] [#0:script/workspace/loading.lua:112]: ++++As library of:	file:///home/dansered/nvim-current/share/nvim/runtime/lua
[13:49:54.922][info] [#0:script/workspace/loading.lua:100]: Preload file at: file:///home/dansered/nvim-current/share/nvim/runtime/lua/vim/secure.lua , size = 5.018 KB
[13:49:54.924][info] [#0:script/workspace/loading.lua:112]: ++++As library of:	file:///home/dansered/nvim-current/share/nvim/runtime/lua
[13:49:54.924][info] [#0:script/workspace/loading.lua:100]: Preload file at: file:///home/dansered/nvim-current/share/nvim/runtime/lua/vim/ui/clipboard/osc52.lua , size = 2.137 KB
[13:49:54.925][info] [#0:script/workspace/loading.lua:112]: ++++As library of:	file:///home/dansered/nvim-current/share/nvim/runtime/lua
[13:49:54.925][info] [#0:script/workspace/loading.lua:100]: Preload file at: file:///home/dansered/nvim-current/share/nvim/runtime/lua/vim/provider/ruby.lua , size = 1.563 KB
[13:49:54.926][info] [#0:script/workspace/loading.lua:112]: ++++As library of:	file:///home/dansered/nvim-current/share/nvim/runtime/lua
[13:49:54.926][info] [#0:script/workspace/loading.lua:100]: Preload file at: file:///home/dansered/nvim-current/share/nvim/runtime/lua/vim/provider/python.lua , size = 4.224 KB
[13:49:54.928][info] [#0:script/workspace/loading.lua:112]: ++++As library of:	file:///home/dansered/nvim-current/share/nvim/runtime/lua
[13:49:54.928][info] [#0:script/workspace/loading.lua:100]: Preload file at: file:///home/dansered/nvim-current/share/nvim/runtime/lua/vim/provider/perl.lua , size = 1.998 KB
[13:49:54.929][info] [#0:script/workspace/loading.lua:112]: ++++As library of:	file:///home/dansered/nvim-current/share/nvim/runtime/lua
[13:49:54.930][info] [#0:script/workspace/loading.lua:100]: Preload file at: file:///home/dansered/nvim-current/share/nvim/runtime/lua/vim/inspect.lua , size = 8.864 KB
[13:49:54.933][info] [#0:script/workspace/loading.lua:112]: ++++As library of:	file:///home/dansered/nvim-current/share/nvim/runtime/lua
[13:49:54.933][info] [#0:script/workspace/loading.lua:100]: Preload file at: file:///home/dansered/nvim-current/share/nvim/runtime/lua/vim/func/_memoize.lua , size = 1.354 KB
[13:49:54.935][info] [#0:script/workspace/loading.lua:112]: ++++As library of:	file:///home/dansered/nvim-current/share/nvim/runtime/lua
[13:49:54.935][info] [#0:script/workspace/loading.lua:100]: Preload file at: file:///home/dansered/nvim-current/share/nvim/runtime/lua/vim/snippet.lua , size = 20.081 KB
[13:49:54.943][info] [#0:script/workspace/loading.lua:112]: ++++As library of:	file:///home/dansered/nvim-current/share/nvim/runtime/lua
[13:49:54.943][info] [#0:script/workspace/loading.lua:100]: Preload file at: file:///home/dansered/nvim-current/share/nvim/runtime/lua/vim/termcap.lua , size = 3.103 KB
[13:49:54.944][info] [#0:script/workspace/loading.lua:112]: ++++As library of:	file:///home/dansered/nvim-current/share/nvim/runtime/lua
[13:49:54.944][info] [#0:script/workspace/loading.lua:100]: Preload file at: file:///home/dansered/nvim-current/share/nvim/runtime/lua/vim/health.lua , size = 12.684 KB
[13:49:54.950][info] [#0:script/workspace/loading.lua:112]: ++++As library of:	file:///home/dansered/nvim-current/share/nvim/runtime/lua
[13:49:54.951][info] [#0:script/workspace/loading.lua:100]: Preload file at: file:///home/dansered/nvim-current/share/nvim/runtime/lua/vim/func.lua , size = 1.753 KB
[13:49:54.951][info] [#0:script/workspace/loading.lua:112]: ++++As library of:	file:///home/dansered/nvim-current/share/nvim/runtime/lua
[13:49:54.951][info] [#0:script/workspace/loading.lua:100]: Preload file at: file:///home/dansered/nvim-current/share/nvim/runtime/lua/vim/_inspector.lua , size = 7.661 KB
[13:49:54.955][info] [#0:script/workspace/loading.lua:112]: ++++As library of:	file:///home/dansered/nvim-current/share/nvim/runtime/lua
[13:49:54.955][info] [#0:script/workspace/loading.lua:100]: Preload file at: file:///home/dansered/nvim-current/share/nvim/runtime/lua/jit/dis_arm64be.lua , size = 0.604 KB
[13:49:54.955][info] [#0:script/workspace/loading.lua:112]: ++++As library of:	file:///home/dansered/nvim-current/share/nvim/runtime/lua
[13:49:54.955][info] [#0:script/workspace/loading.lua:100]: Preload file at: file:///home/dansered/nvim-current/share/nvim/runtime/lua/jit/dis_mips64el.lua , size = 0.700 KB
[13:49:54.956][info] [#0:script/workspace/loading.lua:112]: ++++As library of:	file:///home/dansered/nvim-current/share/nvim/runtime/lua
[13:49:54.956][info] [#0:script/workspace/loading.lua:100]: Preload file at: file:///home/dansered/nvim-current/share/nvim/runtime/lua/jit/v.lua , size = 5.731 KB
[13:49:54.958][info] [#0:script/workspace/loading.lua:112]: ++++As library of:	file:///home/dansered/nvim-current/share/nvim/runtime/lua
[13:49:54.958][info] [#0:script/workspace/loading.lua:100]: Preload file at: file:///home/dansered/nvim-current/share/nvim/runtime/lua/jit/dis_ppc.lua , size = 19.825 KB
[13:49:54.965][info] [#0:script/workspace/loading.lua:112]: ++++As library of:	file:///home/dansered/nvim-current/share/nvim/runtime/lua
[13:49:54.965][info] [#0:script/workspace/loading.lua:100]: Preload file at: file:///home/dansered/nvim-current/share/nvim/runtime/lua/jit/dis_mips64r6.lua , size = 0.700 KB
[13:49:54.966][info] [#0:script/workspace/loading.lua:112]: ++++As library of:	file:///home/dansered/nvim-current/share/nvim/runtime/lua
[13:49:54.966][info] [#0:script/workspace/loading.lua:100]: Preload file at: file:///home/dansered/nvim-current/share/nvim/runtime/lua/jit/p.lua , size = 8.891 KB
[13:49:54.970][info] [#0:script/workspace/loading.lua:112]: ++++As library of:	file:///home/dansered/nvim-current/share/nvim/runtime/lua
[13:49:54.970][info] [#0:script/workspace/loading.lua:100]: Preload file at: file:///home/dansered/nvim-current/share/nvim/runtime/lua/jit/dis_arm64.lua , size = 29.441 KB
[13:49:54.984][info] [#0:script/workspace/loading.lua:112]: ++++As library of:	file:///home/dansered/nvim-current/share/nvim/runtime/lua
[13:49:54.984][info] [#0:script/workspace/loading.lua:100]: Preload file at: file:///home/dansered/nvim-current/share/nvim/runtime/lua/jit/dis_mipsel.lua , size = 0.698 KB
[13:49:54.984][info] [#0:script/workspace/loading.lua:112]: ++++As library of:	file:///home/dansered/nvim-current/share/nvim/runtime/lua
[13:49:54.984][info] [#0:script/workspace/loading.lua:100]: Preload file at: file:///home/dansered/nvim-current/share/nvim/runtime/lua/jit/dis_x86.lua , size = 33.033 KB
[13:49:54.998][info] [#0:script/workspace/loading.lua:112]: ++++As library of:	file:///home/dansered/nvim-current/share/nvim/runtime/lua
[13:49:54.998][info] [#0:script/workspace/loading.lua:100]: Preload file at: file:///home/dansered/nvim-current/share/nvim/runtime/lua/jit/bcsave.lua , size = 17.091 KB
[13:49:55.006][info] [#0:script/workspace/loading.lua:112]: ++++As library of:	file:///home/dansered/nvim-current/share/nvim/runtime/lua
[13:49:55.006][info] [#0:script/workspace/loading.lua:100]: Preload file at: file:///home/dansered/nvim-current/share/nvim/runtime/lua/jit/dis_arm.lua , size = 18.891 KB
[13:49:55.014][info] [#0:script/workspace/loading.lua:112]: ++++As library of:	file:///home/dansered/nvim-current/share/nvim/runtime/lua
[13:49:55.015][info] [#0:script/workspace/loading.lua:100]: Preload file at: file:///home/dansered/nvim-current/share/nvim/runtime/lua/jit/dis_mips.lua , size = 21.494 KB
[13:49:55.023][info] [#0:script/workspace/loading.lua:112]: ++++As library of:	file:///home/dansered/nvim-current/share/nvim/runtime/lua
[13:49:55.023][info] [#0:script/workspace/loading.lua:100]: Preload file at: file:///home/dansered/nvim-current/share/nvim/runtime/lua/jit/bc.lua , size = 5.417 KB
[13:49:55.026][info] [#0:script/workspace/loading.lua:112]: ++++As library of:	file:///home/dansered/nvim-current/share/nvim/runtime/lua
[13:49:55.026][info] [#0:script/workspace/loading.lua:100]: Preload file at: file:///home/dansered/nvim-current/share/nvim/runtime/lua/jit/vmdef.lua , size = 7.920 KB
[13:49:55.027][info] [#0:script/workspace/loading.lua:112]: ++++As library of:	file:///home/dansered/nvim-current/share/nvim/runtime/lua
[13:49:55.028][info] [#0:script/workspace/loading.lua:100]: Preload file at: file:///home/dansered/nvim-current/share/nvim/runtime/lua/jit/dump.lua , size = 20.269 KB
[13:49:55.037][info] [#0:script/workspace/loading.lua:112]: ++++As library of:	file:///home/dansered/nvim-current/share/nvim/runtime/lua
[13:49:55.037][info] [#0:script/workspace/loading.lua:100]: Preload file at: file:///home/dansered/nvim-current/share/nvim/runtime/lua/jit/dis_x64.lua , size = 0.695 KB
[13:49:55.037][info] [#0:script/workspace/loading.lua:112]: ++++As library of:	file:///home/dansered/nvim-current/share/nvim/runtime/lua
[13:49:55.038][info] [#0:script/workspace/loading.lua:100]: Preload file at: file:///home/dansered/nvim-current/share/nvim/runtime/lua/jit/dis_mips64.lua , size = 0.689 KB
[13:49:55.038][info] [#0:script/workspace/loading.lua:112]: ++++As library of:	file:///home/dansered/nvim-current/share/nvim/runtime/lua
[13:49:55.038][info] [#0:script/workspace/loading.lua:100]: Preload file at: file:///home/dansered/nvim-current/share/nvim/runtime/lua/jit/dis_mips64r6el.lua , size = 0.711 KB
[13:49:55.038][info] [#0:script/workspace/loading.lua:112]: ++++As library of:	file:///home/dansered/nvim-current/share/nvim/runtime/lua
[13:49:55.038][info] [#0:script/workspace/loading.lua:100]: Preload file at: file:///home/dansered/nvim-current/share/nvim/runtime/lua/jit/zone.lua , size = 0.979 KB
[13:49:55.039][info] [#0:script/workspace/loading.lua:112]: ++++As library of:	file:///home/dansered/nvim-current/share/nvim/runtime/lua
[13:49:55.039][info] [#0:script/workspace/loading.lua:100]: Preload file at: file:///home/dansered/nvim-current/share/nvim/runtime/lua/_vim9script.lua , size = 15.418 KB
[13:49:55.045][info] [#0:script/workspace/loading.lua:112]: ++++As library of:	file:///home/dansered/nvim-current/share/nvim/runtime/lua
[13:49:55.045][info] [#0:script/workspace/loading.lua:100]: Preload file at: file:///home/dansered/nvim-current/share/nvim/runtime/lua/tohtml.lua , size = 42.432 KB
[13:49:55.065][info] [#0:script/workspace/loading.lua:112]: ++++As library of:	file:///home/dansered/nvim-current/share/nvim/runtime/lua
[13:49:55.065][info] [#0:script/workspace/loading.lua:100]: Preload file at: file:///home/dansered/nvim-current/share/nvim/runtime/lua/man.lua , size = 23.687 KB
[13:49:55.075][info] [#0:script/workspace/loading.lua:112]: ++++As library of:	file:///home/dansered/nvim-current/share/nvim/runtime/lua
[13:49:55.075][info] [#0:script/workspace/loading.lua:100]: Preload file at: file:///home/dansered/nvim-current/share/nvim/runtime/lua/coxpcall.lua , size = 3.451 KB
[13:49:55.077][info] [#0:script/workspace/loading.lua:112]: ++++As library of:	file:///home/dansered/nvim-current/share/nvim/runtime/lua
[13:49:55.077][info] [#0:script/workspace/loading.lua:100]: Preload file at: file:///home/dansered/nvim-current/share/nvim/runtime/lua/provider/ruby/health.lua , size = 2.211 KB
[13:49:55.078][info] [#0:script/workspace/loading.lua:112]: ++++As library of:	file:///home/dansered/nvim-current/share/nvim/runtime/lua
[13:49:55.078][info] [#0:script/workspace/loading.lua:100]: Preload file at: file:///home/dansered/nvim-current/share/nvim/runtime/lua/provider/perl/health.lua , size = 2.752 KB
[13:49:55.079][info] [#0:script/workspace/loading.lua:112]: ++++As library of:	file:///home/dansered/nvim-current/share/nvim/runtime/lua
[13:49:55.079][info] [#0:script/workspace/loading.lua:100]: Preload file at: file:///home/dansered/nvim-current/share/nvim/runtime/lua/provider/clipboard/health.lua , size = 1.151 KB
[13:49:55.079][info] [#0:script/workspace/loading.lua:112]: ++++As library of:	file:///home/dansered/nvim-current/share/nvim/runtime/lua
[13:49:55.080][info] [#0:script/workspace/loading.lua:100]: Preload file at: file:///home/dansered/nvim-current/share/nvim/runtime/lua/provider/node/health.lua , size = 3.375 KB
[13:49:55.081][info] [#0:script/workspace/loading.lua:112]: ++++As library of:	file:///home/dansered/nvim-current/share/nvim/runtime/lua
[13:49:55.081][info] [#0:script/workspace/loading.lua:100]: Preload file at: file:///home/dansered/nvim-current/share/nvim/runtime/lua/provider/python/health.lua , size = 16.369 KB
[13:49:55.087][info] [#0:script/workspace/loading.lua:112]: ++++As library of:	file:///home/dansered/nvim-current/share/nvim/runtime/lua
[13:49:55.087][info] [#0:script/workspace/loading.lua:100]: Preload file at: file:///home/dansered/.local/share/nvim/mason/packages/lua-language-server/libexec/meta/LuaJIT%20en-us%20utf8/jit/profile.lua , size = 0.348 KB
[13:49:55.087][info] [#0:script/workspace/loading.lua:112]: ++++As library of:	file:///home/dansered/.local/share/nvim/mason/packages/lua-language-server/libexec/meta/LuaJIT%20en-us%20utf8/jit/profile.lua
[13:49:55.087][info] [#0:script/workspace/loading.lua:100]: Preload file at: file:///home/dansered/.local/share/nvim/mason/packages/lua-language-server/libexec/meta/LuaJIT%20en-us%20utf8/string.lua , size = 6.310 KB
[13:49:55.090][info] [#0:script/workspace/loading.lua:112]: ++++As library of:	file:///home/dansered/.local/share/nvim/mason/packages/lua-language-server/libexec/meta/LuaJIT%20en-us%20utf8/string.lua
[13:49:55.090][info] [#0:script/workspace/loading.lua:100]: Preload file at: file:///home/dansered/.local/share/nvim/mason/packages/lua-language-server/libexec/meta/LuaJIT%20en-us%20utf8/os.lua , size = 5.600 KB
[13:49:55.092][info] [#0:script/workspace/loading.lua:112]: ++++As library of:	file:///home/dansered/.local/share/nvim/mason/packages/lua-language-server/libexec/meta/LuaJIT%20en-us%20utf8/os.lua
[13:49:55.092][info] [#0:script/workspace/loading.lua:100]: Preload file at: file:///home/dansered/.config/nvim/lua/config/autocmds.lua , size = 0.414 KB
[13:49:55.092][info] [#0:script/workspace/loading.lua:112]: ++++As library of:	file:///home/dansered/.config/nvim/lua
[13:49:55.092][info] [#0:script/workspace/loading.lua:100]: Preload file at: file:///home/dansered/.config/nvim/lua/config/keymaps.lua , size = 0.204 KB
[13:49:55.093][info] [#0:script/workspace/loading.lua:112]: ++++As library of:	file:///home/dansered/.config/nvim/lua
[13:49:55.093][info] [#0:script/workspace/loading.lua:100]: Preload file at: file:///home/dansered/.config/nvim/lua/config/lazy.lua , size = 1.812 KB
[13:49:55.093][info] [#0:script/workspace/loading.lua:112]: ++++As library of:	file:///home/dansered/.config/nvim/lua
[13:49:55.093][info] [#0:script/workspace/loading.lua:100]: Preload file at: file:///home/dansered/.config/nvim/lua/config/options.lua , size = 0.207 KB
[13:49:55.094][info] [#0:script/workspace/loading.lua:112]: ++++As library of:	file:///home/dansered/.config/nvim/lua
[13:49:55.094][info] [#0:script/workspace/loading.lua:100]: Preload file at: file:///home/dansered/.config/nvim/lua/plugins/example.lua , size = 5.255 KB
[13:49:55.095][info] [#0:script/workspace/loading.lua:112]: ++++As library of:	file:///home/dansered/.config/nvim/lua
[13:49:55.095][info] [#0:script/workspace/loading.lua:88]: Skip loaded file: file:///home/dansered/.config/nvim/lua/plugins/dap-python.lua
[13:49:55.095][info] [#0:script/workspace/loading.lua:112]: ++++As library of:	file:///home/dansered/.config/nvim/lua
[13:49:55.095][info] [#0:script/workspace/loading.lua:100]: Preload file at: file:///home/dansered/.local/share/nvim/lazy/nvim-dap/lua/dap.lua , size = 37.449 KB
[13:49:55.111][info] [#0:script/workspace/loading.lua:112]: ++++As library of:	file:///home/dansered/.local/share/nvim/lazy/nvim-dap/lua
[13:49:55.111][info] [#0:script/workspace/loading.lua:100]: Preload file at: file:///home/dansered/.local/share/nvim/lazy/nvim-dap/lua/dap/_cmds.lua , size = 4.447 KB
[13:49:55.113][info] [#0:script/workspace/loading.lua:112]: ++++As library of:	file:///home/dansered/.local/share/nvim/lazy/nvim-dap/lua
[13:49:55.113][info] [#0:script/workspace/loading.lua:100]: Preload file at: file:///home/dansered/.local/share/nvim/lazy/nvim-dap/lua/dap/async.lua , size = 0.462 KB
[13:49:55.114][info] [#0:script/workspace/loading.lua:112]: ++++As library of:	file:///home/dansered/.local/share/nvim/lazy/nvim-dap/lua
[13:49:55.114][info] [#0:script/workspace/loading.lua:100]: Preload file at: file:///home/dansered/.local/share/nvim/lazy/nvim-dap/lua/dap/breakpoints.lua , size = 4.874 KB
[13:49:55.116][info] [#0:script/workspace/loading.lua:112]: ++++As library of:	file:///home/dansered/.local/share/nvim/lazy/nvim-dap/lua
[13:49:55.116][info] [#0:script/workspace/loading.lua:100]: Preload file at: file:///home/dansered/.local/share/nvim/lazy/nvim-dap/lua/dap/entity.lua , size = 11.231 KB
[13:49:55.121][info] [#0:script/workspace/loading.lua:112]: ++++As library of:	file:///home/dansered/.local/share/nvim/lazy/nvim-dap/lua
[13:49:55.121][info] [#0:script/workspace/loading.lua:100]: Preload file at: file:///home/dansered/.local/share/nvim/lazy/nvim-dap/lua/dap/ext/autocompl.lua , size = 1.888 KB
[13:49:55.122][info] [#0:script/workspace/loading.lua:112]: ++++As library of:	file:///home/dansered/.local/share/nvim/lazy/nvim-dap/lua
[13:49:55.122][info] [#0:script/workspace/loading.lua:100]: Preload file at: file:///home/dansered/.local/share/nvim/lazy/nvim-dap/lua/dap/ext/vscode.lua , size = 6.157 KB
[13:49:55.125][info] [#0:script/workspace/loading.lua:112]: ++++As library of:	file:///home/dansered/.local/share/nvim/lazy/nvim-dap/lua
[13:49:55.125][info] [#0:script/workspace/loading.lua:100]: Preload file at: file:///home/dansered/.local/share/nvim/lazy/nvim-dap/lua/dap/health.lua , size = 2.232 KB
[13:49:55.126][info] [#0:script/workspace/loading.lua:112]: ++++As library of:	file:///home/dansered/.local/share/nvim/lazy/nvim-dap/lua
[13:49:55.126][info] [#0:script/workspace/loading.lua:100]: Preload file at: file:///home/dansered/.local/share/nvim/lazy/nvim-dap/lua/dap/log.lua , size = 3.273 KB
[13:49:55.213][info] [#0:script/workspace/loading.lua:112]: ++++As library of:	file:///home/dansered/.local/share/nvim/lazy/nvim-dap/lua
[13:49:55.215][info] [#0:script/workspace/loading.lua:100]: Preload file at: file:///home/dansered/.local/share/nvim/lazy/nvim-dap/lua/dap/progress.lua , size = 0.965 KB
[13:49:55.216][info] [#0:script/workspace/loading.lua:112]: ++++As library of:	file:///home/dansered/.local/share/nvim/lazy/nvim-dap/lua
[13:49:55.216][info] [#0:script/workspace/loading.lua:100]: Preload file at: file:///home/dansered/.local/share/nvim/lazy/nvim-dap/lua/dap/protocol.lua , size = 12.834 KB
[13:49:55.221][info] [#0:script/workspace/loading.lua:112]: ++++As library of:	file:///home/dansered/.local/share/nvim/lazy/nvim-dap/lua
[13:49:55.221][info] [#0:script/workspace/loading.lua:100]: Preload file at: file:///home/dansered/.local/share/nvim/lazy/nvim-dap/lua/dap/repl.lua , size = 16.880 KB
[13:49:55.229][info] [#0:script/workspace/loading.lua:112]: ++++As library of:	file:///home/dansered/.local/share/nvim/lazy/nvim-dap/lua
[13:49:55.229][info] [#0:script/workspace/loading.lua:100]: Preload file at: file:///home/dansered/.local/share/nvim/lazy/nvim-dap/lua/dap/rpc.lua , size = 3.198 KB
[13:49:55.231][info] [#0:script/workspace/loading.lua:112]: ++++As library of:	file:///home/dansered/.local/share/nvim/lazy/nvim-dap/lua
[13:49:55.231][info] [#0:script/workspace/loading.lua:100]: Preload file at: file:///home/dansered/.local/share/nvim/lazy/nvim-dap/lua/dap/session.lua , size = 62.559 KB
[13:49:55.256][info] [#0:script/workspace/loading.lua:112]: ++++As library of:	file:///home/dansered/.local/share/nvim/lazy/nvim-dap/lua
[13:49:55.256][info] [#0:script/workspace/loading.lua:100]: Preload file at: file:///home/dansered/.local/share/nvim/lazy/nvim-dap/lua/dap/ui.lua , size = 16.528 KB
[13:49:55.262][info] [#0:script/workspace/loading.lua:112]: ++++As library of:	file:///home/dansered/.local/share/nvim/lazy/nvim-dap/lua
[13:49:55.262][info] [#0:script/workspace/loading.lua:100]: Preload file at: file:///home/dansered/.local/share/nvim/lazy/nvim-dap/lua/dap/ui/widgets.lua , size = 20.123 KB
[13:49:55.270][info] [#0:script/workspace/loading.lua:112]: ++++As library of:	file:///home/dansered/.local/share/nvim/lazy/nvim-dap/lua
[13:49:55.270][info] [#0:script/workspace/loading.lua:100]: Preload file at: file:///home/dansered/.local/share/nvim/lazy/nvim-dap/lua/dap/utils.lua , size = 10.741 KB
[13:49:55.275][info] [#0:script/workspace/loading.lua:112]: ++++As library of:	file:///home/dansered/.local/share/nvim/lazy/nvim-dap/lua
[13:49:55.275][info] [#0:script/workspace/loading.lua:100]: Preload file at: file:///home/dansered/.local/share/nvim/mason/packages/lua-language-server/libexec/meta/LuaJIT%20en-us%20utf8/ffi.lua , size = 2.529 KB
[13:49:55.277][info] [#0:script/workspace/loading.lua:112]: ++++As library of:	file:///home/dansered/.local/share/nvim/mason/packages/lua-language-server/libexec/meta/LuaJIT%20en-us%20utf8/ffi.lua
[13:49:55.277][info] [#0:script/workspace/loading.lua:100]: Preload file at: file:///home/dansered/.local/share/nvim/mason/packages/lua-language-server/libexec/meta/LuaJIT%20en-us%20utf8/io.lua , size = 6.364 KB
[13:49:55.279][info] [#0:script/workspace/loading.lua:112]: ++++As library of:	file:///home/dansered/.local/share/nvim/mason/packages/lua-language-server/libexec/meta/LuaJIT%20en-us%20utf8/io.lua
[13:49:55.279][info] [#0:script/workspace/loading.lua:100]: Preload file at: file:///home/dansered/.local/share/nvim/mason/packages/lua-language-server/libexec/meta/LuaJIT%20en-us%20utf8/builtin.lua , size = 0.302 KB
[13:49:55.280][info] [#0:script/workspace/loading.lua:112]: ++++As library of:	file:///home/dansered/.local/share/nvim/mason/packages/lua-language-server/libexec/meta/LuaJIT%20en-us%20utf8/builtin.lua
[13:49:55.280][info] [#0:script/workspace/loading.lua:100]: Preload file at: file:///home/dansered/.local/share/nvim/mason/packages/lua-language-server/libexec/meta/LuaJIT%20en-us%20utf8/debug.lua , size = 7.310 KB
[13:49:55.282][info] [#0:script/workspace/loading.lua:112]: ++++As library of:	file:///home/dansered/.local/share/nvim/mason/packages/lua-language-server/libexec/meta/LuaJIT%20en-us%20utf8/debug.lua
[13:49:55.282][info] [#0:script/workspace/loading.lua:100]: Preload file at: file:///home/dansered/.local/share/nvim/mason/packages/lua-language-server/libexec/meta/LuaJIT%20en-us%20utf8/package.lua , size = 2.699 KB
[13:49:55.283][info] [#0:script/workspace/loading.lua:112]: ++++As library of:	file:///home/dansered/.local/share/nvim/mason/packages/lua-language-server/libexec/meta/LuaJIT%20en-us%20utf8/package.lua
[13:49:55.283][info] [#0:script/workspace/loading.lua:100]: Preload file at: file:///home/dansered/.local/share/nvim/mason/packages/lua-language-server/libexec/meta/LuaJIT%20en-us%20utf8/coroutine.lua , size = 2.541 KB
[13:49:55.284][info] [#0:script/workspace/loading.lua:112]: ++++As library of:	file:///home/dansered/.local/share/nvim/mason/packages/lua-language-server/libexec/meta/LuaJIT%20en-us%20utf8/coroutine.lua
[13:49:55.285][info] [#0:script/workspace/loading.lua:100]: Preload file at: file:///home/dansered/.local/share/nvim/mason/packages/lua-language-server/libexec/meta/LuaJIT%20en-us%20utf8/basic.lua , size = 15.443 KB
[13:49:55.289][info] [#0:script/workspace/loading.lua:112]: ++++As library of:	file:///home/dansered/.local/share/nvim/mason/packages/lua-language-server/libexec/meta/LuaJIT%20en-us%20utf8/basic.lua
[13:49:55.289][info] [#0:script/workspace/loading.lua:100]: Preload file at: file:///home/dansered/.config/nvim/init.lua , size = 0.070 KB
[13:49:55.289][info] [#0:script/workspace/loading.lua:172]: Loaded files takes [1.120] sec: file:///home/dansered/.config/nvim
[13:49:55.289][info] [#0:script/workspace/loading.lua:181]: Compile files takes [0.000] sec: file:///home/dansered/.config/nvim
[13:49:55.289][info] [#0:script/workspace/loading.lua:182]: Loaded finish:	file:///home/dansered/.config/nvim
[13:49:55.289][info] [#0:script/workspace/workspace.lua:381]: Preload finish at:	file:///home/dansered/.config/nvim
[13:49:55.312][info] [#0:script/provider/diagnostic.lua:560]: Diagnostics scope [file:///home/dansered/.config/nvim], files count:[161]
[13:49:55.313][warn] [#0:script/proto/proto.lua:189]: Method [textDocument/didOpen] takes [1.177]sec. {
  jsonrpc = "2.0",
  method = "textDocument/didOpen",
  params = {
    textDocument = {
      languageId = "lua",
      text = '"***"',
      uri = "file:///home/dansered/.config/nvim/lua/plugins/dap-python.lua",
      version = 0
    }
  }
}
[13:49:55.314][warn] [#0:script/proto/proto.lua:189]: Method [textDocument/inlayHint] takes [1.156]sec. {
  id = 7,
  jsonrpc = "2.0",
  method = "textDocument/inlayHint",
  params = {
    range = {
      end = {
        character = 0,
        line = 12
      },
      start = {
        character = 0,
        line = 0
      }
    },
    textDocument = {
      uri = "file:///home/dansered/.config/nvim/lua/plugins/dap-python.lua"
    }
  }
}
[13:49:55.314][warn] [#0:script/proto/proto.lua:189]: Method [textDocument/inlayHint] takes [1.156]sec. {
  id = 9,
  jsonrpc = "2.0",
  method = "textDocument/inlayHint",
  params = {
    range = {
      end = {
        character = 0,
        line = 12
      },
      start = {
        character = 0,
        line = 0
      }
    },
    textDocument = {
      uri = "file:///home/dansered/.config/nvim/lua/plugins/dap-python.lua"
    }
  }
}
[13:49:55.314][warn] [#0:script/proto/proto.lua:189]: Method [textDocument/inlayHint] takes [1.156]sec. {
  id = 11,
  jsonrpc = "2.0",
  method = "textDocument/inlayHint",
  params = {
    range = {
      end = {
        character = 0,
        line = 12
      },
      start = {
        character = 0,
        line = 0
      }
    },
    textDocument = {
      uri = "file:///home/dansered/.config/nvim/lua/plugins/dap-python.lua"
    }
  }
}
[13:49:55.314][warn] [#0:script/proto/proto.lua:189]: Method [textDocument/inlayHint] takes [1.156]sec. {
  id = 13,
  jsonrpc = "2.0",
  method = "textDocument/inlayHint",
  params = {
    range = {
      end = {
        character = 0,
        line = 12
      },
      start = {
        character = 0,
        line = 0
      }
    },
    textDocument = {
      uri = "file:///home/dansered/.config/nvim/lua/plugins/dap-python.lua"
    }
  }
}
[13:49:55.314][warn] [#0:script/proto/proto.lua:189]: Method [textDocument/inlayHint] takes [1.156]sec. {
  id = 15,
  jsonrpc = "2.0",
  method = "textDocument/inlayHint",
  params = {
    range = {
      end = {
        character = 0,
        line = 12
      },
      start = {
        character = 0,
        line = 0
      }
    },
    textDocument = {
      uri = "file:///home/dansered/.config/nvim/lua/plugins/dap-python.lua"
    }
  }
}
[13:49:55.314][warn] [#0:script/proto/proto.lua:189]: Method [textDocument/inlayHint] takes [1.156]sec. {
  id = 17,
  jsonrpc = "2.0",
  method = "textDocument/inlayHint",
  params = {
    range = {
      end = {
        character = 0,
        line = 12
      },
      start = {
        character = 0,
        line = 0
      }
    },
    textDocument = {
      uri = "file:///home/dansered/.config/nvim/lua/plugins/dap-python.lua"
    }
  }
}
[13:49:55.315][warn] [#0:script/proto/proto.lua:189]: Method [textDocument/semanticTokens/full] takes [1.157]sec. {
  id = 16,
  jsonrpc = "2.0",
  method = "textDocument/semanticTokens/full",
  params = {
    textDocument = {
      uri = "file:///home/dansered/.config/nvim/lua/plugins/dap-python.lua"
    }
  }
}
[13:49:55.316][warn] [#0:script/proto/proto.lua:189]: Method [textDocument/documentSymbol] takes [1.179]sec. {
  id = 5,
  jsonrpc = "2.0",
  method = "textDocument/documentSymbol",
  params = {
    textDocument = {
      uri = "file:///home/dansered/.config/nvim/lua/plugins/dap-python.lua"
    }
  }
}
[13:49:55.342][info] [#0:script/provider/diagnostic.lua:577]: Diagnostics scope [file:///home/dansered/.config/nvim] finished, takes [0.012] sec.
[13:50:28.327][warn] [#0:script/pub/report.lua:24]: Load proto error:	Disconnected!
